#
# There is insufficient memory for the Java Runtime Environment to continue.
# Native memory allocation (malloc) failed to allocate 32744 bytes for ChunkPool::allocate
# Possible reasons:
#   The system is out of physical RAM or swap space
#   The process is running with CompressedOops enabled, and the Java Heap may be blocking the growth of the native heap
# Possible solutions:
#   Reduce memory load on the system
#   Increase physical memory or swap space
#   Check if swap backing store is full
#   Decrease Java heap size (-Xmx/-Xms)
#   Decrease number of Java threads
#   Decrease Java thread stack sizes (-Xss)
#   Set larger code cache with -XX:ReservedCodeCacheSize=
#   JVM is running with Unscaled Compressed Oops mode in which the Java heap is
#     placed in the first 4GB address space. The Java Heap base address is the
#     maximum limit for the native heap growth. Please use -XX:HeapBaseMinAddress
#     to set the Java Heap base and to place the Java Heap above 4GB virtual address.
# This output file may be truncated or incomplete.
#
#  Out of Memory Error (allocation.cpp:272), pid=11704, tid=0x0000000000001448
#
# JRE version: OpenJDK Runtime Environment (8.0_242-b01) (build 1.8.0_242-release-1644-b01)
# Java VM: OpenJDK 64-Bit Server VM (25.242-b01 mixed mode windows-amd64 compressed oops)
# Failed to write core dump. Minidumps are not enabled by default on client versions of Windows
#

---------------  T H R E A D  ---------------

Current thread (0x00000000177ef800):  JavaThread "C2 CompilerThread0" daemon [_thread_in_native, id=5192, stack(0x00000000186d0000,0x00000000187d0000)]

Stack: [0x00000000186d0000,0x00000000187d0000]
[error occurred during error reporting (printing stack bounds), id 0xc0000005]

Native frames: (J=compiled Java code, j=interpreted, Vv=VM code, C=native code)


Current CompileTask:
C2: 191671 15912       4       com.android.tools.r8.code.v1::a (4137 bytes)


---------------  P R O C E S S  ---------------

Java Threads: ( => current thread )
  0x000000001cbbd000 JavaThread "ForkJoinPool-3-worker-0" daemon [_thread_in_Java, id=18444, stack(0x0000000025ca0000,0x0000000025da0000)]
  0x000000001cbba800 JavaThread "ForkJoinPool-3-worker-1" daemon [_thread_blocked, id=23824, stack(0x0000000023700000,0x0000000023800000)]
  0x000000001cbc0800 JavaThread "WorkerExecutor Queue Thread 2" [_thread_blocked, id=18584, stack(0x000000001fdf0000,0x000000001fef0000)]
  0x000000001cbbe800 JavaThread "WorkerExecutor Queue" [_thread_blocked, id=13596, stack(0x000000001b580000,0x000000001b680000)]
  0x000000001e2d4000 JavaThread "Cache worker for Java compile cache (D:\cler3\Download\custom-calendar\.gradle\6.5\javaCompile)" [_thread_blocked, id=19144, stack(0x00000000297c0000,0x00000000298c0000)]
  0x000000001e2cc800 JavaThread "Cache worker for Java compile cache (C:\Users\cler3\.gradle\caches\6.5\javaCompile)" [_thread_blocked, id=2320, stack(0x00000000296c0000,0x00000000297c0000)]
  0x000000001e2d1800 JavaThread "Cache worker for execution history cache (D:\cler3\Download\custom-calendar\.gradle\6.5\executionHistory)" [_thread_blocked, id=14332, stack(0x00000000293c0000,0x00000000294c0000)]
  0x000000001e2ce000 JavaThread "Execution worker for ':'" [_thread_blocked, id=15936, stack(0x00000000292c0000,0x00000000293c0000)]
  0x000000001e2cb000 JavaThread "Cache worker for file content cache (D:\cler3\Download\custom-calendar\.gradle\6.5\fileContent)" [_thread_blocked, id=7992, stack(0x0000000000e10000,0x0000000000f10000)]
  0x000000001e2d1000 JavaThread "Memory manager" [_thread_blocked, id=22688, stack(0x0000000000d10000,0x0000000000e10000)]
  0x000000001cbc5000 JavaThread "Cache worker for Build Output Cleanup Cache (D:\cler3\Download\custom-calendar\.gradle\buildOutputCleanup)" [_thread_blocked, id=19724, stack(0x00000000269f0000,0x0000000026af0000)]
  0x000000001c800000 JavaThread "Build operations Thread 2" [_thread_blocked, id=26728, stack(0x00000000206f0000,0x00000000207f0000)]
  0x000000001c7fe800 JavaThread "Build operations" [_thread_blocked, id=21116, stack(0x00000000205f0000,0x00000000206f0000)]
  0x000000001c804800 JavaThread "Cache worker for file content cache (C:\Users\cler3\.gradle\caches\6.5\fileContent)" [_thread_blocked, id=7328, stack(0x000000001fef0000,0x000000001fff0000)]
  0x00000000199c2000 JavaThread "Cache worker for execution history cache (C:\Users\cler3\.gradle\caches\6.5\executionHistory)" [_thread_blocked, id=11612, stack(0x000000001f6f0000,0x000000001f7f0000)]
  0x00000000199c5800 JavaThread "Cache worker for cache directory md-rule (C:\Users\cler3\.gradle\caches\6.5\md-rule)" [_thread_blocked, id=4364, stack(0x000000001f5f0000,0x000000001f6f0000)]
  0x00000000199c1000 JavaThread "Cache worker for cache directory md-supplier (C:\Users\cler3\.gradle\caches\6.5\md-supplier)" [_thread_blocked, id=9012, stack(0x000000001f4f0000,0x000000001f5f0000)]
  0x00000000199c5000 JavaThread "Cache worker for checksums cache (D:\cler3\Download\custom-calendar\.gradle\checksums)" [_thread_blocked, id=17456, stack(0x000000001f3f0000,0x000000001f4f0000)]
  0x00000000199c0000 JavaThread "Cache worker for file hash cache (D:\cler3\Download\custom-calendar\.gradle\6.5\fileHashes)" [_thread_blocked, id=28156, stack(0x000000001eff0000,0x000000001f0f0000)]
  0x00000000199c4000 JavaThread "Cache worker for file hash cache (C:\Users\cler3\.gradle\caches\6.5\fileHashes)" [_thread_blocked, id=26220, stack(0x000000001bb80000,0x000000001bc80000)]
  0x00000000199c2800 JavaThread "File lock request listener" [_thread_in_native, id=1276, stack(0x000000001ba80000,0x000000001bb80000)]
  0x00000000199c3800 JavaThread "Cache worker for journal cache (C:\Users\cler3\.gradle\caches\journal-1)" [_thread_blocked, id=9020, stack(0x000000001b980000,0x000000001ba80000)]
  0x0000000018b23800 JavaThread "Thread-9" [_thread_blocked, id=18908, stack(0x000000001b680000,0x000000001b780000)]
  0x000000001973f800 JavaThread "Asynchronous log dispatcher for DefaultDaemonConnection: socket connection from /127.0.0.1:61368 to /127.0.0.1:61369" [_thread_blocked, id=20388, stack(0x000000001b480000,0x000000001b580000)]
  0x000000001945d000 JavaThread "Daemon worker" [_thread_blocked, id=3908, stack(0x000000001b380000,0x000000001b480000)]
  0x000000001945c800 JavaThread "Cancel handler" [_thread_blocked, id=4260, stack(0x000000001b280000,0x000000001b380000)]
  0x0000000018a89000 JavaThread "Handler for socket connection from /127.0.0.1:61368 to /127.0.0.1:61369" [_thread_in_native, id=15580, stack(0x000000001b180000,0x000000001b280000)]
  0x0000000018a6c000 JavaThread "Daemon" [_thread_blocked, id=22652, stack(0x000000001b080000,0x000000001b180000)]
  0x0000000018afb800 JavaThread "Daemon periodic checks" [_thread_blocked, id=25208, stack(0x000000001af80000,0x000000001b080000)]
  0x0000000018a68800 JavaThread "Incoming local TCP Connector on port 61368" [_thread_in_native, id=10784, stack(0x000000001aba0000,0x000000001aca0000)]
  0x000000001a544800 JavaThread "Daemon health stats" [_thread_blocked, id=20004, stack(0x000000001a8a0000,0x000000001a9a0000)]
  0x00000000187ef000 JavaThread "Service Thread" daemon [_thread_blocked, id=24108, stack(0x0000000018cd0000,0x0000000018dd0000)]
  0x00000000187e2000 JavaThread "C1 CompilerThread1" daemon [_thread_blocked, id=2176, stack(0x0000000018bd0000,0x0000000018cd0000)]
=>0x00000000177ef800 JavaThread "C2 CompilerThread0" daemon [_thread_in_native, id=5192, stack(0x00000000186d0000,0x00000000187d0000)]
  0x00000000177ee000 JavaThread "Attach Listener" daemon [_thread_blocked, id=15908, stack(0x00000000185d0000,0x00000000186d0000)]
  0x00000000177ed000 JavaThread "Signal Dispatcher" daemon [_thread_blocked, id=6976, stack(0x00000000184d0000,0x00000000185d0000)]
  0x0000000002cb7000 JavaThread "Finalizer" daemon [_thread_blocked, id=15024, stack(0x00000000183d0000,0x00000000184d0000)]
  0x0000000017777000 JavaThread "Reference Handler" daemon [_thread_blocked, id=28828, stack(0x00000000182d0000,0x00000000183d0000)]
  0x0000000002bc2800 JavaThread "main" [_thread_blocked, id=16612, stack(0x0000000002740000,0x0000000002840000)]

Other Threads:
  0x0000000017755000 VMThread [stack: 0x00000000181d0000,0x00000000182d0000] [id=27632]
  0x00000000187f3800 WatcherThread [stack: 0x0000000018dd0000,0x0000000018ed0000] [id=8788]

VM state:not at safepoint (normal execution)

VM Mutex/Monitor currently owned by a thread: None

heap address: 0x0000000080000000, size: 2048 MB, Compressed Oops mode: 32-bit
Narrow klass base: 0x0000000000000000, Narrow klass shift: 3
Compressed class space size: 1073741824 Address: 0x0000000100000000

Heap:
 PSYoungGen      total 203776K, used 137615K [0x00000000d5580000, 0x00000000e5400000, 0x0000000100000000)
  eden space 169472K, 81% used [0x00000000d5580000,0x00000000ddbe3e80,0x00000000dfb00000)
  from space 34304K, 0% used [0x00000000e3280000,0x00000000e3280000,0x00000000e5400000)
  to   space 31744K, 0% used [0x00000000dfb00000,0x00000000dfb00000,0x00000000e1a00000)
 ParOldGen       total 142336K, used 92412K [0x0000000080000000, 0x0000000088b00000, 0x00000000d5580000)
  object space 142336K, 64% used [0x0000000080000000,0x0000000085a3f0f8,0x0000000088b00000)
 Metaspace       used 132473K, capacity 137659K, committed 137856K, reserved 1169408K
  class space    used 17243K, capacity 18281K, committed 18304K, reserved 1048576K

Card table byte_map: [0x0000000012170000,0x0000000012580000] byte_map_base: 0x0000000011d70000

Marking Bits: (ParMarkBitMap*) 0x0000000059d4f030
 Begin Bits: [0x0000000012a30000, 0x0000000014a30000)
 End Bits:   [0x0000000014a30000, 0x0000000016a30000)

Polling page: 0x0000000000b00000

CodeCache: size=245760Kb used=44647Kb max_used=44654Kb free=201112Kb
 bounds [0x0000000002db0000, 0x0000000005980000, 0x0000000011db0000]
 total_blobs=14377 nmethods=13408 adapters=881
 compilation: enabled

Compilation events (10 events):
Event: 191.621 Thread 0x00000000187e2000 15935       2       com.android.tools.r8.code.u::<init> (7 bytes)
Event: 191.622 Thread 0x00000000187e2000 nmethod 15935 0x000000000596af10 code [0x000000000596b080, 0x000000000596b318]
Event: 191.624 Thread 0x00000000187e2000 15936       2       com.android.tools.r8.graph.Z0::a (142 bytes)
Event: 191.626 Thread 0x00000000187e2000 nmethod 15936 0x000000000596a2d0 code [0x000000000596a4c0, 0x000000000596aa48]
Event: 191.636 Thread 0x00000000187e2000 15937       2       com.android.tools.r8.t.a.a.a.h.l::<init> (5 bytes)
Event: 191.637 Thread 0x00000000187e2000 nmethod 15937 0x0000000005969f90 code [0x000000000596a0e0, 0x000000000596a230]
Event: 191.637 Thread 0x00000000187e2000 15938       2       com.android.tools.r8.t.a.a.a.h.r::<init> (5 bytes)
Event: 191.637 Thread 0x00000000187e2000 nmethod 15938 0x0000000005969c50 code [0x0000000005969da0, 0x0000000005969ef0]
Event: 191.638 Thread 0x00000000187e2000 15939       2       com.android.tools.r8.t.a.a.a.h.s::<init> (5 bytes)
Event: 191.639 Thread 0x00000000187e2000 nmethod 15939 0x0000000005969910 code [0x0000000005969a60, 0x0000000005969bb0]

GC Heap History (10 events):
Event: 128.085 GC heap before
{Heap before GC invocations=28 (full 4):
 PSYoungGen      total 172032K, used 153086K [0x00000000d5580000, 0x00000000e4200000, 0x0000000100000000)
  eden space 141312K, 100% used [0x00000000d5580000,0x00000000ddf80000,0x00000000ddf80000)
  from space 30720K, 38% used [0x00000000ddf80000,0x00000000deaff820,0x00000000dfd80000)
  to   space 31744K, 0% used [0x00000000e2300000,0x00000000e2300000,0x00000000e4200000)
 ParOldGen       total 142336K, used 81055K [0x0000000080000000, 0x0000000088b00000, 0x00000000d5580000)
  object space 142336K, 56% used [0x0000000080000000,0x0000000084f27f10,0x0000000088b00000)
 Metaspace       used 87605K, capacity 91530K, committed 91648K, reserved 1128448K
  class space    used 11471K, capacity 12279K, committed 12288K, reserved 1048576K
Event: 128.135 GC heap after
Heap after GC invocations=28 (full 4):
 PSYoungGen      total 192000K, used 1243K [0x00000000d5580000, 0x00000000e3900000, 0x0000000100000000)
  eden space 169472K, 0% used [0x00000000d5580000,0x00000000d5580000,0x00000000dfb00000)
  from space 22528K, 5% used [0x00000000e2300000,0x00000000e2436e30,0x00000000e3900000)
  to   space 31744K, 0% used [0x00000000dfb00000,0x00000000dfb00000,0x00000000e1a00000)
 ParOldGen       total 142336K, used 83520K [0x0000000080000000, 0x0000000088b00000, 0x00000000d5580000)
  object space 142336K, 58% used [0x0000000080000000,0x0000000085190380,0x0000000088b00000)
 Metaspace       used 87605K, capacity 91530K, committed 91648K, reserved 1128448K
  class space    used 11471K, capacity 12279K, committed 12288K, reserved 1048576K
}
Event: 146.467 GC heap before
{Heap before GC invocations=29 (full 4):
 PSYoungGen      total 192000K, used 170715K [0x00000000d5580000, 0x00000000e3900000, 0x0000000100000000)
  eden space 169472K, 100% used [0x00000000d5580000,0x00000000dfb00000,0x00000000dfb00000)
  from space 22528K, 5% used [0x00000000e2300000,0x00000000e2436e30,0x00000000e3900000)
  to   space 31744K, 0% used [0x00000000dfb00000,0x00000000dfb00000,0x00000000e1a00000)
 ParOldGen       total 142336K, used 83520K [0x0000000080000000, 0x0000000088b00000, 0x00000000d5580000)
  object space 142336K, 58% used [0x0000000080000000,0x0000000085190380,0x0000000088b00000)
 Metaspace       used 99854K, capacity 104006K, committed 104192K, reserved 1140736K
  class space    used 12866K, capacity 13731K, committed 13824K, reserved 1048576K
Event: 146.545 GC heap after
Heap after GC invocations=29 (full 4):
 PSYoungGen      total 201216K, used 23938K [0x00000000d5580000, 0x00000000e5400000, 0x0000000100000000)
  eden space 169472K, 0% used [0x00000000d5580000,0x00000000d5580000,0x00000000dfb00000)
  from space 31744K, 75% used [0x00000000dfb00000,0x00000000e1260810,0x00000000e1a00000)
  to   space 34304K, 0% used [0x00000000e3280000,0x00000000e3280000,0x00000000e5400000)
 ParOldGen       total 142336K, used 83816K [0x0000000080000000, 0x0000000088b00000, 0x00000000d5580000)
  object space 142336K, 58% used [0x0000000080000000,0x00000000851da390,0x0000000088b00000)
 Metaspace       used 99854K, capacity 104006K, committed 104192K, reserved 1140736K
  class space    used 12866K, capacity 13731K, committed 13824K, reserved 1048576K
}
Event: 156.176 GC heap before
{Heap before GC invocations=30 (full 4):
 PSYoungGen      total 201216K, used 193410K [0x00000000d5580000, 0x00000000e5400000, 0x0000000100000000)
  eden space 169472K, 100% used [0x00000000d5580000,0x00000000dfb00000,0x00000000dfb00000)
  from space 31744K, 75% used [0x00000000dfb00000,0x00000000e1260810,0x00000000e1a00000)
  to   space 34304K, 0% used [0x00000000e3280000,0x00000000e3280000,0x00000000e5400000)
 ParOldGen       total 142336K, used 83816K [0x0000000080000000, 0x0000000088b00000, 0x00000000d5580000)
  object space 142336K, 58% used [0x0000000080000000,0x00000000851da390,0x0000000088b00000)
 Metaspace       used 117005K, capacity 121437K, committed 121728K, reserved 1155072K
  class space    used 15324K, capacity 16230K, committed 16256K, reserved 1048576K
Event: 156.882 GC heap after
Heap after GC invocations=30 (full 4):
 PSYoungGen      total 203776K, used 34280K [0x00000000d5580000, 0x00000000e5400000, 0x0000000100000000)
  eden space 169472K, 0% used [0x00000000d5580000,0x00000000d5580000,0x00000000dfb00000)
  from space 34304K, 99% used [0x00000000e3280000,0x00000000e53fa048,0x00000000e5400000)
  to   space 31744K, 0% used [0x00000000dfb00000,0x00000000dfb00000,0x00000000e1a00000)
 ParOldGen       total 142336K, used 117344K [0x0000000080000000, 0x0000000088b00000, 0x00000000d5580000)
  object space 142336K, 82% used [0x0000000080000000,0x0000000087298220,0x0000000088b00000)
 Metaspace       used 117005K, capacity 121437K, committed 121728K, reserved 1155072K
  class space    used 15324K, capacity 16230K, committed 16256K, reserved 1048576K
}
Event: 156.883 GC heap before
{Heap before GC invocations=31 (full 5):
 PSYoungGen      total 203776K, used 34280K [0x00000000d5580000, 0x00000000e5400000, 0x0000000100000000)
  eden space 169472K, 0% used [0x00000000d5580000,0x00000000d5580000,0x00000000dfb00000)
  from space 34304K, 99% used [0x00000000e3280000,0x00000000e53fa048,0x00000000e5400000)
  to   space 31744K, 0% used [0x00000000dfb00000,0x00000000dfb00000,0x00000000e1a00000)
 ParOldGen       total 142336K, used 117344K [0x0000000080000000, 0x0000000088b00000, 0x00000000d5580000)
  object space 142336K, 82% used [0x0000000080000000,0x0000000087298220,0x0000000088b00000)
 Metaspace       used 117005K, capacity 121437K, committed 121728K, reserved 1155072K
  class space    used 15324K, capacity 16230K, committed 16256K, reserved 1048576K
Event: 160.500 GC heap after
Heap after GC invocations=31 (full 5):
 PSYoungGen      total 203776K, used 0K [0x00000000d5580000, 0x00000000e5400000, 0x0000000100000000)
  eden space 169472K, 0% used [0x00000000d5580000,0x00000000d5580000,0x00000000dfb00000)
  from space 34304K, 0% used [0x00000000e3280000,0x00000000e3280000,0x00000000e5400000)
  to   space 31744K, 0% used [0x00000000dfb00000,0x00000000dfb00000,0x00000000e1a00000)
 ParOldGen       total 142336K, used 126437K [0x0000000080000000, 0x0000000088b00000, 0x00000000d5580000)
  object space 142336K, 88% used [0x0000000080000000,0x0000000087b795c0,0x0000000088b00000)
 Metaspace       used 115469K, capacity 119845K, committed 121728K, reserved 1155072K
  class space    used 15247K, capacity 16126K, committed 16256K, reserved 1048576K
}
Event: 183.947 GC heap before
{Heap before GC invocations=32 (full 6):
 PSYoungGen      total 203776K, used 169472K [0x00000000d5580000, 0x00000000e5400000, 0x0000000100000000)
  eden space 169472K, 100% used [0x00000000d5580000,0x00000000dfb00000,0x00000000dfb00000)
  from space 34304K, 0% used [0x00000000e3280000,0x00000000e3280000,0x00000000e5400000)
  to   space 31744K, 0% used [0x00000000dfb00000,0x00000000dfb00000,0x00000000e1a00000)
 ParOldGen       total 142336K, used 126437K [0x0000000080000000, 0x0000000088b00000, 0x00000000d5580000)
  object space 142336K, 88% used [0x0000000080000000,0x0000000087b795c0,0x0000000088b00000)
 Metaspace       used 127788K, capacity 132437K, committed 132736K, reserved 1165312K
  class space    used 16489K, capacity 17434K, committed 17536K, reserved 1048576K
Event: 185.154 GC heap after
Heap after GC invocations=32 (full 6):
 PSYoungGen      total 203776K, used 0K [0x00000000d5580000, 0x00000000e5400000, 0x0000000100000000)
  eden space 169472K, 0% used [0x00000000d5580000,0x00000000d5580000,0x00000000dfb00000)
  from space 34304K, 0% used [0x00000000e3280000,0x00000000e3280000,0x00000000e5400000)
  to   space 31744K, 0% used [0x00000000dfb00000,0x00000000dfb00000,0x00000000e1a00000)
 ParOldGen       total 142336K, used 92412K [0x0000000080000000, 0x0000000088b00000, 0x00000000d5580000)
  object space 142336K, 64% used [0x0000000080000000,0x0000000085a3f0f8,0x0000000088b00000)
 Metaspace       used 127788K, capacity 132437K, committed 132736K, reserved 1165312K
  class space    used 16489K, capacity 17434K, committed 17536K, reserved 1048576K
}

Deoptimization events (10 events):
Event: 188.347 Thread 0x000000001cbc0800 Uncommon trap: reason=unstable_if action=reinterpret pc=0x00000000057b10fc method=com.android.tools.r8.dex.n.m()V @ 22
Event: 188.937 Thread 0x000000001cbc0800 Uncommon trap: reason=unstable_if action=reinterpret pc=0x00000000034b41e4 method=com.android.tools.r8.dex.n.m()V @ 1411
Event: 189.325 Thread 0x000000001cbba800 Uncommon trap: reason=class_check action=maybe_recompile pc=0x00000000041addd4 method=com.android.tools.r8.dex.n.a(ILjava/util/function/Supplier;)Ljava/lang/Object; @ 33
Event: 189.325 Thread 0x000000001cbbd000 Uncommon trap: reason=unstable_if action=reinterpret pc=0x0000000003de9f2c method=java.lang.invoke.MethodType$ConcurrentWeakInternSet.add(Ljava/lang/Object;)Ljava/lang/Object; @ 47
Event: 189.326 Thread 0x000000001cbbd000 Uncommon trap: reason=class_check action=maybe_recompile pc=0x00000000041addd4 method=com.android.tools.r8.dex.n.a(ILjava/util/function/Supplier;)Ljava/lang/Object; @ 33
Event: 189.326 Thread 0x000000001cbba800 Uncommon trap: reason=class_check action=maybe_recompile pc=0x00000000041addd4 method=com.android.tools.r8.dex.n.a(ILjava/util/function/Supplier;)Ljava/lang/Object; @ 33
Event: 189.329 Thread 0x000000001cbbd000 Uncommon trap: reason=class_check action=maybe_recompile pc=0x00000000041addd4 method=com.android.tools.r8.dex.n.a(ILjava/util/function/Supplier;)Ljava/lang/Object; @ 33
Event: 189.438 Thread 0x000000001cbba800 Uncommon trap: reason=unstable_if action=reinterpret pc=0x00000000036e0830 method=java.util.Arrays.hashCode([Ljava/lang/Object;)I @ 1
Event: 189.671 Thread 0x000000001cbbd000 Uncommon trap: reason=unstable_if action=reinterpret pc=0x00000000058676b8 method=com.android.tools.r8.dex.n.i()Lcom/android/tools/r8/graph/l0; @ 54
Event: 190.983 Thread 0x000000001cbbd000 Uncommon trap: reason=unloaded action=reinterpret pc=0x00000000058c30dc method=com.android.tools.r8.code.v1.a(Ljava/nio/ShortBuffer;IILcom/android/tools/r8/graph/h1;)[Lcom/android/tools/r8/code/u1; @ 2525

Classes redefined (0 events):
No events

Internal exceptions (10 events):
Event: 185.319 Thread 0x000000001cbbe800 Exception <a 'java/lang/NoSuchMethodError': java.lang.Object.b(Lcom/android/tools/r8/graph/p1$b;)Lcom/android/tools/r8/graph/p1$b;> (0x00000000d5b71f60) thrown at [C:\src\AOSP-openjdk-git\hotspot\src\share\vm\interpreter\linkResolver.cpp, line 620]
Event: 186.471 Thread 0x000000001cbbe800 Exception <a 'sun/nio/fs/WindowsException'> (0x00000000d69292c0) thrown at [C:\src\AOSP-openjdk-git\hotspot\src\share\vm\prims\jni.cpp, line 710]
Event: 186.517 Thread 0x000000001cbbe800 Exception <a 'sun/nio/fs/WindowsException'> (0x00000000d693e000) thrown at [C:\src\AOSP-openjdk-git\hotspot\src\share\vm\prims\jni.cpp, line 710]
Event: 186.536 Thread 0x000000001cbbe800 Exception <a 'sun/nio/fs/WindowsException'> (0x00000000d69548c8) thrown at [C:\src\AOSP-openjdk-git\hotspot\src\share\vm\prims\jni.cpp, line 710]
Event: 186.851 Thread 0x000000001945d000 Exception <a 'java/lang/NoSuchMethodError': <clinit>> (0x00000000d6e34a98) thrown at [C:\src\AOSP-openjdk-git\hotspot\src\share\vm\prims\jni.cpp, line 1615]
Event: 186.853 Thread 0x000000001945d000 Exception <a 'java/lang/NoSuchMethodError': <clinit>> (0x00000000d6e4ba80) thrown at [C:\src\AOSP-openjdk-git\hotspot\src\share\vm\prims\jni.cpp, line 1615]
Event: 187.675 Thread 0x000000001e2ce000 Exception <a 'sun/nio/fs/WindowsException'> (0x00000000d752a2e8) thrown at [C:\src\AOSP-openjdk-git\hotspot\src\share\vm\prims\jni.cpp, line 710]
Event: 187.675 Thread 0x000000001e2ce000 Exception <a 'sun/nio/fs/WindowsException'> (0x00000000d752aff8) thrown at [C:\src\AOSP-openjdk-git\hotspot\src\share\vm\prims\jni.cpp, line 710]
Event: 187.796 Thread 0x000000001cbc0800 Exception <a 'sun/nio/fs/WindowsException'> (0x00000000d769f500) thrown at [C:\src\AOSP-openjdk-git\hotspot\src\share\vm\prims\jni.cpp, line 710]
Event: 189.438 Thread 0x000000001cbba800 Implicit null exception at 0x00000000036e072f to 0x00000000036e0821

Events (10 events):
Event: 189.736 loading class com/android/tools/r8/t/a/a/a/h/g0
Event: 189.736 loading class com/android/tools/r8/t/a/a/a/h/g0 done
Event: 190.227 Executing VM operation: RevokeBias
Event: 190.248 Executing VM operation: RevokeBias done
Event: 190.249 Thread 0x000000001cbba000 Thread exited: 0x000000001cbba000
Event: 190.983 Thread 0x000000001cbbd000 Uncommon trap: trap_request=0x00000180 fr.pc=0x00000000058c30dc
Event: 190.983 Thread 0x000000001cbbd000 DEOPT PACKING pc=0x00000000058c30dc sp=0x0000000025d9eb30
Event: 190.983 Thread 0x000000001cbbd000 DEOPT UNPACKING pc=0x0000000002df557b sp=0x0000000025d9eaf8 mode 2
Event: 191.106 loading class com/android/tools/r8/dex/n$a
Event: 191.106 loading class com/android/tools/r8/dex/n$a done


Dynamic libraries:
0x00007ff7a5dc0000 - 0x00007ff7a5df1000 	D:\android\android studio\jre\bin\java.exe
0x00007ffa1c4a0000 - 0x00007ffa1c690000 	C:\WINDOWS\SYSTEM32\ntdll.dll
0x00007ffa1a550000 - 0x00007ffa1a602000 	C:\WINDOWS\System32\KERNEL32.DLL
0x00007ffa19e60000 - 0x00007ffa1a105000 	C:\WINDOWS\System32\KERNELBASE.dll
0x00007ffa16a40000 - 0x00007ffa16acf000 	C:\WINDOWS\SYSTEM32\apphelp.dll
0x00007ffa1b290000 - 0x00007ffa1b333000 	C:\WINDOWS\System32\ADVAPI32.dll
0x00007ffa1aa50000 - 0x00007ffa1aaee000 	C:\WINDOWS\System32\msvcrt.dll
0x00007ffa1af10000 - 0x00007ffa1afa7000 	C:\WINDOWS\System32\sechost.dll
0x00007ffa1bb00000 - 0x00007ffa1bc1f000 	C:\WINDOWS\System32\RPCRT4.dll
0x00007ffa1a720000 - 0x00007ffa1a8b4000 	C:\WINDOWS\System32\USER32.dll
0x00007ffa19d70000 - 0x00007ffa19d91000 	C:\WINDOWS\System32\win32u.dll
0x00007ffa1b030000 - 0x00007ffa1b056000 	C:\WINDOWS\System32\GDI32.dll
0x00007ffa1a1f0000 - 0x00007ffa1a388000 	C:\WINDOWS\System32\gdi32full.dll
0x00007ffa19dc0000 - 0x00007ffa19e5e000 	C:\WINDOWS\System32\msvcp_win.dll
0x00007ffa19c70000 - 0x00007ffa19d6a000 	C:\WINDOWS\System32\ucrtbase.dll
0x00007ffa0aa80000 - 0x00007ffa0ad04000 	C:\WINDOWS\WinSxS\amd64_microsoft.windows.common-controls_6595b64144ccf1df_6.0.18362.1440_none_9e7dbfb9e45e8e67\COMCTL32.dll
0x00007ffa1abd0000 - 0x00007ffa1af06000 	C:\WINDOWS\System32\combase.dll
0x00007ffa19be0000 - 0x00007ffa19c61000 	C:\WINDOWS\System32\bcryptPrimitives.dll
0x00007ffa1a8c0000 - 0x00007ffa1a8ee000 	C:\WINDOWS\System32\IMM32.DLL
0x0000000059370000 - 0x0000000059442000 	D:\android\android studio\jre\jre\bin\msvcr100.dll
0x0000000059580000 - 0x0000000059dcb000 	D:\android\android studio\jre\jre\bin\server\jvm.dll
0x00007ffa1b020000 - 0x00007ffa1b028000 	C:\WINDOWS\System32\PSAPI.DLL
0x00007ff9f5860000 - 0x00007ff9f5869000 	C:\WINDOWS\SYSTEM32\WSOCK32.dll
0x00007ffa1ba90000 - 0x00007ffa1baff000 	C:\WINDOWS\System32\WS2_32.dll
0x00007ffa15460000 - 0x00007ffa15484000 	C:\WINDOWS\SYSTEM32\WINMM.dll
0x00007ffa0bd30000 - 0x00007ffa0bd3a000 	C:\WINDOWS\SYSTEM32\VERSION.dll
0x00007ffa15430000 - 0x00007ffa1545d000 	C:\WINDOWS\SYSTEM32\winmmbase.dll
0x00007ffa19b90000 - 0x00007ffa19bda000 	C:\WINDOWS\System32\cfgmgr32.dll
0x00007ffa151f0000 - 0x00007ffa151ff000 	D:\android\android studio\jre\jre\bin\verify.dll
0x00007ffa15100000 - 0x00007ffa15129000 	D:\android\android studio\jre\jre\bin\java.dll
0x00007ffa10220000 - 0x00007ffa10236000 	D:\android\android studio\jre\jre\bin\zip.dll
0x00007ffa1b340000 - 0x00007ffa1ba28000 	C:\WINDOWS\System32\SHELL32.dll
0x00007ffa1a670000 - 0x00007ffa1a717000 	C:\WINDOWS\System32\shcore.dll
0x00007ffa19410000 - 0x00007ffa19b8b000 	C:\WINDOWS\System32\windows.storage.dll
0x00007ffa193d0000 - 0x00007ffa193ee000 	C:\WINDOWS\System32\profapi.dll
0x00007ffa19360000 - 0x00007ffa193aa000 	C:\WINDOWS\System32\powrprof.dll
0x00007ffa19350000 - 0x00007ffa19360000 	C:\WINDOWS\System32\UMPDC.dll
0x00007ffa1c380000 - 0x00007ffa1c3d2000 	C:\WINDOWS\System32\shlwapi.dll
0x00007ffa193b0000 - 0x00007ffa193c1000 	C:\WINDOWS\System32\kernel.appcore.dll
0x00007ffa19da0000 - 0x00007ffa19db7000 	C:\WINDOWS\System32\cryptsp.dll
0x00007ffa0ad40000 - 0x00007ffa0ad5a000 	D:\android\android studio\jre\jre\bin\net.dll
0x00007ffa18ae0000 - 0x00007ffa18b47000 	C:\WINDOWS\system32\mswsock.dll
0x00007ffa0a260000 - 0x00007ffa0a273000 	D:\android\android studio\jre\jre\bin\nio.dll
0x00007ffa07940000 - 0x00007ffa07967000 	C:\Users\cler3\.gradle\native\f6784746aeab05261644944871eae4fe03e0ef1612fff0a4a95f87b438bc6780\windows-amd64\native-platform.dll
0x00007ffa151e0000 - 0x00007ffa151ed000 	D:\android\android studio\jre\jre\bin\management.dll
0x00007ffa18670000 - 0x00007ffa186a3000 	C:\WINDOWS\system32\rsaenh.dll
0x00007ffa1a1c0000 - 0x00007ffa1a1e6000 	C:\WINDOWS\System32\bcrypt.dll
0x00007ffa19230000 - 0x00007ffa19255000 	C:\WINDOWS\SYSTEM32\USERENV.dll
0x00007ffa18c60000 - 0x00007ffa18c6c000 	C:\WINDOWS\SYSTEM32\CRYPTBASE.dll
0x00007ffa18800000 - 0x00007ffa1883a000 	C:\WINDOWS\SYSTEM32\IPHLPAPI.DLL
0x00007ffa1aa20000 - 0x00007ffa1aa28000 	C:\WINDOWS\System32\NSI.dll
0x00007ffa0bd40000 - 0x00007ffa0bd56000 	C:\WINDOWS\SYSTEM32\dhcpcsvc6.DLL
0x00007ffa0b750000 - 0x00007ffa0b76c000 	C:\WINDOWS\SYSTEM32\dhcpcsvc.DLL
0x00007ffa18850000 - 0x00007ffa1891b000 	C:\WINDOWS\SYSTEM32\DNSAPI.dll
0x00007ffa0c7b0000 - 0x00007ffa0c7bb000 	C:\WINDOWS\SYSTEM32\WINNSI.DLL
0x00007ffa07cc0000 - 0x00007ffa07ce4000 	D:\android\android studio\jre\jre\bin\sunec.dll
0x00007ffa094b0000 - 0x00007ffa094bb000 	D:\android\android studio\jre\jre\bin\sunmscapi.dll
0x00007ffa1a3f0000 - 0x00007ffa1a541000 	C:\WINDOWS\System32\CRYPT32.dll
0x00007ffa193f0000 - 0x00007ffa19402000 	C:\WINDOWS\System32\MSASN1.dll
0x00007ffa06940000 - 0x00007ffa0694a000 	C:\Windows\System32\rasadhlp.dll
0x00007ffa0afd0000 - 0x00007ffa0b047000 	C:\WINDOWS\System32\fwpuclnt.dll

VM Arguments:
jvm_args: -Xmx2048m -Dfile.encoding=x-windows-949 -Duser.country=KR -Duser.language=ko -Duser.variant 
java_command: org.gradle.launcher.daemon.bootstrap.GradleDaemon 6.5
java_class_path (initial): C:\Users\cler3\.gradle\wrapper\dists\gradle-6.5-bin\6nifqtx7604sqp1q6g8wikw7p\gradle-6.5\lib\gradle-launcher-6.5.jar
Launcher Type: SUN_STANDARD

Environment Variables:
JAVA_HOME=C:\Program Files\Java\jdk1.8.0_271
CLASSPATH=C:\Program Files\Java\jdk1.8.0_271\lib;.;
PATH=C:\Program Files\Java\jdk1.8.0_271\bin;C:\WINDOWS\system32;C:\WINDOWS;C:\WINDOWS\System32\Wbem;C:\WINDOWS\System32\WindowsPowerShell\v1.0\;C:\WINDOWS\System32\OpenSSH\;C:\WINDOWS\syswow64\config\systemprofile\.dnx\bin;C:\Program Files\Microsoft DNX\Dnvm\;C:\Program Files\Microsoft SQL Server\130\Tools\Binn\;C:\Program Files (x86)\Windows Kits\8.1\Windows Performance Toolkit\;C:\Program Files\nodejs;C:\Users\cler3\AppData\Roaming\npm;C:\Program Files\MongoDB\Server\4.2\bin;C:\Program Files\MySQL\MySQL Server 8.0\bin;C:\Program Files\nodejs\;C:\Users\cler3\AppData\Roaming\Microsoft\Windows\Start Menu\Programs\Python 3.7;C:\Program Files\Liquid Technologies\Liquid Studio 2020\XmlDataBinder18\Redist18\cpp\win32\bin;C:\Program Files\Liquid Technologies\Liquid Studio 2020\XmlDataBinder18\Redist18\cpp\win64\bin;C:\Users\cler3\AppData\Local\Android\android-sdk\tools;C:\Users\cler3\anaconda3\envs\py3;C:\Users\cler3\anaconda3;C:\Users\cler3\anaconda3\Library\usr\bin;C:\Users\cler3\anaconda3\Scripts;D:\Program Files\Git\Git\cmd;D:\;D:\Program Files\android-sdk\platform-tools\;D:\cler3\Download\spring-boot-cli-1.1.4.RELEASE-bin\spring-1.1.4.RELEASE\bin;C:\Program Files\Git\cmd;D:\Program Files\Ruby27-x64\bin;C:\Users\cler3\anaconda3;C:\Users\cler3\anaconda3\Library\mingw-w64\bin;C:\Users\cler3\anaconda3\Library\usr\bin;C:\Users\cler3\anaconda3\Library\bin;C:\Users\cler3\anaconda3\Scripts;C:\Program Files\MySQL\MySQL Shell 8.0\bin\;C:\Users\cler3\AppData\Local\Microsoft\WindowsApps;C:\Users\cler3\AppData\Local\Microsoft\WindowsApps;C:\Users\cler3\AppData\Local\Programs\Microsoft VS Code\bin;C:\Users\cler3\AppData\Roaming\npm;C:\Users\cler3\anaconda3\envs\project;D:\Program Files\Bandizip\;D:\Program Files\heroku\bin;C:\devtool\apache-maven-3.6.3-bin\apache-maven-3.6.3\bin;C:\devtool\gradle-6.7.1-bin\gradle-6.7.1\bin;
USERNAME=cler3
OS=Windows_NT
PROCESSOR_IDENTIFIER=Intel64 Family 6 Model 61 Stepping 4, GenuineIntel



---------------  S Y S T E M  ---------------

OS: Windows 10.0 , 64 bit Build 18362 (10.0.18362.1350)

CPU:total 2 (initial active 2) (2 cores per cpu, 1 threads per core) family 6 model 61 stepping 4, cmov, cx8, fxsr, mmx, sse, sse2, sse3, ssse3, sse4.1, sse4.2, popcnt, clmul, erms, 3dnowpref, lzcnt, tsc, tscinvbit

Memory: 4k page, physical 4097676k(237192k free), swap 16680588k(4164k free)

vm_info: OpenJDK 64-Bit Server VM (25.242-b01) for windows-amd64 JRE (1.8.0_242-release-1644-b01), built by "builder" with MS VC++ 10.0 (VS2010)

time: Wed Apr 07 19:12:57 2021
timezone: 대한민국 표준시
elapsed time: 191 seconds (0d 0h 3m 11s)

