#
# There is insufficient memory for the Java Runtime Environment to continue.
# Native memory allocation (malloc) failed to allocate 1133008 bytes for Chunk::new
# Possible reasons:
#   The system is out of physical RAM or swap space
#   The process is running with CompressedOops enabled, and the Java Heap may be blocking the growth of the native heap
# Possible solutions:
#   Reduce memory load on the system
#   Increase physical memory or swap space
#   Check if swap backing store is full
#   Decrease Java heap size (-Xmx/-Xms)
#   Decrease number of Java threads
#   Decrease Java thread stack sizes (-Xss)
#   Set larger code cache with -XX:ReservedCodeCacheSize=
#   JVM is running with Unscaled Compressed Oops mode in which the Java heap is
#     placed in the first 4GB address space. The Java Heap base address is the
#     maximum limit for the native heap growth. Please use -XX:HeapBaseMinAddress
#     to set the Java Heap base and to place the Java Heap above 4GB virtual address.
# This output file may be truncated or incomplete.
#
#  Out of Memory Error (allocation.cpp:389), pid=17604, tid=0x0000000000004a88
#
# JRE version: OpenJDK Runtime Environment (8.0_242-b01) (build 1.8.0_242-release-1644-b01)
# Java VM: OpenJDK 64-Bit Server VM (25.242-b01 mixed mode windows-amd64 compressed oops)
# Failed to write core dump. Minidumps are not enabled by default on client versions of Windows
#

---------------  T H R E A D  ---------------

Current thread (0x000000001756f000):  JavaThread "C2 CompilerThread0" daemon [_thread_in_native, id=19080, stack(0x00000000184f0000,0x00000000185f0000)]

Stack: [0x00000000184f0000,0x00000000185f0000]
[error occurred during error reporting (printing stack bounds), id 0xc0000005]

Native frames: (J=compiled Java code, j=interpreted, Vv=VM code, C=native code)


Current CompileTask:
C2: 321508 20451       4       com.android.tools.r8.ir.optimize.a0::a (1308 bytes)


---------------  P R O C E S S  ---------------

Java Threads: ( => current thread )
  0x000000002868d800 JavaThread "Cache worker for Java compile cache (D:\cler3\Download\custom-calendar\.gradle\6.5\javaCompile)" [_thread_blocked, id=14508, stack(0x0000000002830000,0x0000000002930000)]
  0x000000002868c800 JavaThread "Cache worker for Java compile cache (C:\Users\cler3\.gradle\caches\6.5\javaCompile)" [_thread_blocked, id=25972, stack(0x0000000000b40000,0x0000000000c40000)]
  0x0000000028689000 JavaThread "WorkerExecutor Queue Thread 3" [_thread_blocked, id=20380, stack(0x000000001ec40000,0x000000001ed40000)]
  0x000000002868b000 JavaThread "stdout" [_thread_in_native, id=22312, stack(0x000000002a150000,0x000000002a250000)]
  0x0000000028686800 JavaThread "stderr" [_thread_in_native, id=4948, stack(0x000000002a050000,0x000000002a150000)]
  0x000000002868a800 JavaThread "stdout" [_thread_in_native, id=29672, stack(0x0000000029f50000,0x000000002a050000)]
  0x0000000018f03800 JavaThread "stderr" [_thread_in_native, id=25208, stack(0x0000000029e50000,0x0000000029f50000)]
  0x0000000018f02000 JavaThread "pool-2-thread-1" [_thread_blocked, id=16524, stack(0x0000000029d50000,0x0000000029e50000)]
  0x0000000018eff800 JavaThread "WorkerExecutor Queue Thread 2" [_thread_blocked, id=17488, stack(0x000000001b3a0000,0x000000001b4a0000)]
  0x0000000018efe000 JavaThread "Cache worker for execution history cache (D:\cler3\Download\custom-calendar\.gradle\6.5\executionHistory)" [_thread_blocked, id=22456, stack(0x0000000029750000,0x0000000029850000)]
  0x0000000018efc800 JavaThread "Execution worker for ':'" [_thread_blocked, id=22332, stack(0x0000000029650000,0x0000000029750000)]
  0x000000001c130800 JavaThread "Cache worker for file content cache (D:\cler3\Download\custom-calendar\.gradle\6.5\fileContent)" [_thread_blocked, id=23892, stack(0x0000000027a10000,0x0000000027b10000)]
  0x000000001c130000 JavaThread "Memory manager" [_thread_blocked, id=16124, stack(0x0000000027910000,0x0000000027a10000)]
  0x000000001c12f000 JavaThread "Cache worker for Build Output Cleanup Cache (D:\cler3\Download\custom-calendar\.gradle\buildOutputCleanup)" [_thread_blocked, id=22216, stack(0x0000000025840000,0x0000000025940000)]
  0x00000000188e9800 JavaThread "Build operations Thread 2" [_thread_in_native, id=23788, stack(0x000000001f540000,0x000000001f640000)]
  0x00000000188f0800 JavaThread "Build operations" [_thread_blocked, id=23228, stack(0x000000001f440000,0x000000001f540000)]
  0x000000001a195000 JavaThread "Cache worker for file content cache (C:\Users\cler3\.gradle\caches\6.5\fileContent)" [_thread_blocked, id=20688, stack(0x000000001ed40000,0x000000001ee40000)]
  0x000000001a197000 JavaThread "Cache worker for execution history cache (C:\Users\cler3\.gradle\caches\6.5\executionHistory)" [_thread_blocked, id=24228, stack(0x000000001e540000,0x000000001e640000)]
  0x000000001a196800 JavaThread "Cache worker for cache directory md-rule (C:\Users\cler3\.gradle\caches\6.5\md-rule)" [_thread_blocked, id=15936, stack(0x000000001e440000,0x000000001e540000)]
  0x000000001a192000 JavaThread "Cache worker for cache directory md-supplier (C:\Users\cler3\.gradle\caches\6.5\md-supplier)" [_thread_blocked, id=16492, stack(0x000000001e340000,0x000000001e440000)]
  0x000000001a191000 JavaThread "Cache worker for checksums cache (D:\cler3\Download\custom-calendar\.gradle\checksums)" [_thread_blocked, id=6284, stack(0x000000001e240000,0x000000001e340000)]
  0x000000001a195800 JavaThread "Cache worker for file hash cache (D:\cler3\Download\custom-calendar\.gradle\6.5\fileHashes)" [_thread_blocked, id=19796, stack(0x000000001de40000,0x000000001df40000)]
  0x000000001a193800 JavaThread "Cache worker for file hash cache (C:\Users\cler3\.gradle\caches\6.5\fileHashes)" [_thread_blocked, id=2176, stack(0x000000001d940000,0x000000001da40000)]
  0x000000001a194000 JavaThread "File lock request listener" [_thread_in_native, id=14948, stack(0x000000001c870000,0x000000001c970000)]
  0x0000000019ef9000 JavaThread "Cache worker for journal cache (C:\Users\cler3\.gradle\caches\journal-1)" [_thread_blocked, id=10808, stack(0x000000001c770000,0x000000001c870000)]
  0x000000001955e800 JavaThread "Thread-9" [_thread_blocked, id=27696, stack(0x000000001b4a0000,0x000000001b5a0000)]
  0x000000001955c000 JavaThread "Asynchronous log dispatcher for DefaultDaemonConnection: socket connection from /127.0.0.1:50950 to /127.0.0.1:50951" [_thread_blocked, id=13336, stack(0x000000001b2a0000,0x000000001b3a0000)]
  0x00000000187dc800 JavaThread "Daemon worker" [_thread_in_Java, id=16796, stack(0x000000001b1a0000,0x000000001b2a0000)]
  0x000000001996a000 JavaThread "Cancel handler" [_thread_blocked, id=23664, stack(0x000000001b0a0000,0x000000001b1a0000)]
  0x0000000019c3d800 JavaThread "Handler for socket connection from /127.0.0.1:50950 to /127.0.0.1:50951" [_thread_in_native, id=15440, stack(0x000000001afa0000,0x000000001b0a0000)]
  0x00000000186d0000 JavaThread "Daemon" [_thread_blocked, id=20080, stack(0x000000001aea0000,0x000000001afa0000)]
  0x00000000186cf000 JavaThread "Daemon periodic checks" [_thread_blocked, id=26748, stack(0x000000001ada0000,0x000000001aea0000)]
  0x0000000018795800 JavaThread "Incoming local TCP Connector on port 50950" [_thread_in_native, id=15312, stack(0x000000001a9c0000,0x000000001aac0000)]
  0x00000000197ab800 JavaThread "Daemon health stats" [_thread_in_Java, id=17092, stack(0x000000001a6c0000,0x000000001a7c0000)]
  0x0000000018609000 JavaThread "Service Thread" daemon [_thread_blocked, id=25788, stack(0x0000000018af0000,0x0000000018bf0000)]
  0x00000000175a7000 JavaThread "C1 CompilerThread1" daemon [_thread_blocked, id=11792, stack(0x00000000189f0000,0x0000000018af0000)]
=>0x000000001756f000 JavaThread "C2 CompilerThread0" daemon [_thread_in_native, id=19080, stack(0x00000000184f0000,0x00000000185f0000)]
  0x000000001756e000 JavaThread "Attach Listener" daemon [_thread_blocked, id=19912, stack(0x00000000183f0000,0x00000000184f0000)]
  0x000000001756d000 JavaThread "Signal Dispatcher" daemon [_thread_blocked, id=14088, stack(0x00000000182f0000,0x00000000183f0000)]
  0x0000000002b21800 JavaThread "Finalizer" daemon [_thread_blocked, id=7992, stack(0x0000000018160000,0x0000000018260000)]
  0x00000000174f7000 JavaThread "Reference Handler" daemon [_thread_blocked, id=6588, stack(0x0000000018060000,0x0000000018160000)]
  0x0000000002a32800 JavaThread "main" [_thread_blocked, id=20416, stack(0x0000000002930000,0x0000000002a30000)]

Other Threads:
  0x00000000174d5000 VMThread [stack: 0x0000000017f60000,0x0000000018060000] [id=13636]
  0x000000001860d000 WatcherThread [stack: 0x0000000018bf0000,0x0000000018cf0000] [id=20352]

VM state:not at safepoint (normal execution)

VM Mutex/Monitor currently owned by a thread: None

heap address: 0x0000000080000000, size: 2048 MB, Compressed Oops mode: 32-bit
Narrow klass base: 0x0000000000000000, Narrow klass shift: 3
Compressed class space size: 1073741824 Address: 0x0000000100000000

Heap:
 PSYoungGen      total 268288K, used 47170K [0x00000000d5580000, 0x00000000eb280000, 0x0000000100000000)
  eden space 218112K, 21% used [0x00000000d5580000,0x00000000d83909d0,0x00000000e2a80000)
  from space 50176K, 0% used [0x00000000e2a80000,0x00000000e2a80000,0x00000000e5b80000)
  to   space 49664K, 0% used [0x00000000e8200000,0x00000000e8200000,0x00000000eb280000)
 ParOldGen       total 181760K, used 95152K [0x0000000080000000, 0x000000008b180000, 0x00000000d5580000)
  object space 181760K, 52% used [0x0000000080000000,0x0000000085cec0e8,0x000000008b180000)
 Metaspace       used 139426K, capacity 144901K, committed 146688K, reserved 1177600K
  class space    used 17766K, capacity 18828K, committed 18944K, reserved 1048576K

Card table byte_map: [0x0000000011ef0000,0x0000000012300000] byte_map_base: 0x0000000011af0000

Marking Bits: (ParMarkBitMap*) 0x00000000592ef030
 Begin Bits: [0x00000000127b0000, 0x00000000147b0000)
 End Bits:   [0x00000000147b0000, 0x00000000167b0000)

Polling page: 0x0000000000820000

CodeCache: size=245760Kb used=57648Kb max_used=58410Kb free=188111Kb
 bounds [0x0000000002b30000, 0x0000000006490000, 0x0000000011b30000]
 total_blobs=17757 nmethods=16765 adapters=904
 compilation: enabled

Compilation events (10 events):
Event: 319.327 Thread 0x00000000175a7000 20449       2       java.util.concurrent.atomic.AtomicReference::set (6 bytes)
Event: 319.327 Thread 0x00000000175a7000 nmethod 20449 0x000000000592cdd0 code [0x000000000592cf20, 0x000000000592d090]
Event: 319.358 Thread 0x00000000175a7000 20450 %     2       com.android.tools.r8.ir.optimize.a0::a @ 330 (1308 bytes)
Event: 319.372 Thread 0x00000000175a7000 nmethod 20450% 0x0000000005957b90 code [0x0000000005958500, 0x000000000595c788]
Event: 319.946 Thread 0x00000000175a7000 20452       2       com.android.tools.r8.s.a.p.t$$Lambda$1463/780892539::applyAsInt (8 bytes)
Event: 319.947 Thread 0x00000000175a7000 nmethod 20452 0x00000000037e0cd0 code [0x00000000037e0e20, 0x00000000037e0fb0]
Event: 320.215 Thread 0x00000000175a7000 20453       1       com.android.tools.r8.code.M1::o (3 bytes)
Event: 320.215 Thread 0x00000000175a7000 nmethod 20453 0x0000000005b0ec10 code [0x0000000005b0ed60, 0x0000000005b0ee70]
Event: 320.469 Thread 0x000000001756f000 nmethod 20440% 0x0000000005901c50 code [0x00000000059022e0, 0x00000000059093a8]
Event: 320.472 Thread 0x000000001756f000 20451       4       com.android.tools.r8.ir.optimize.a0::a (1308 bytes)

GC Heap History (10 events):
Event: 244.711 GC heap before
{Heap before GC invocations=34 (full 4):
 PSYoungGen      total 213504K, used 213495K [0x00000000d5580000, 0x00000000e7200000, 0x0000000100000000)
  eden space 176640K, 100% used [0x00000000d5580000,0x00000000e0200000,0x00000000e0200000)
  from space 36864K, 99% used [0x00000000e0200000,0x00000000e25fdd98,0x00000000e2600000)
  to   space 50176K, 0% used [0x00000000e4100000,0x00000000e4100000,0x00000000e7200000)
 ParOldGen       total 155648K, used 113517K [0x0000000080000000, 0x0000000089800000, 0x00000000d5580000)
  object space 155648K, 72% used [0x0000000080000000,0x0000000086edb508,0x0000000089800000)
 Metaspace       used 135365K, capacity 140297K, committed 140544K, reserved 1171456K
  class space    used 17170K, capacity 18156K, committed 18176K, reserved 1048576K
Event: 245.334 GC heap after
Heap after GC invocations=34 (full 4):
 PSYoungGen      total 241152K, used 26796K [0x00000000d5580000, 0x00000000e7380000, 0x0000000100000000)
  eden space 190976K, 0% used [0x00000000d5580000,0x00000000d5580000,0x00000000e1000000)
  from space 50176K, 53% used [0x00000000e4100000,0x00000000e5b2b340,0x00000000e7200000)
  to   space 50176K, 0% used [0x00000000e1000000,0x00000000e1000000,0x00000000e4100000)
 ParOldGen       total 155648K, used 127211K [0x0000000080000000, 0x0000000089800000, 0x00000000d5580000)
  object space 155648K, 81% used [0x0000000080000000,0x0000000087c3ac20,0x0000000089800000)
 Metaspace       used 135365K, capacity 140297K, committed 140544K, reserved 1171456K
  class space    used 17170K, capacity 18156K, committed 18176K, reserved 1048576K
}
Event: 257.092 GC heap before
{Heap before GC invocations=35 (full 4):
 PSYoungGen      total 241152K, used 217772K [0x00000000d5580000, 0x00000000e7380000, 0x0000000100000000)
  eden space 190976K, 100% used [0x00000000d5580000,0x00000000e1000000,0x00000000e1000000)
  from space 50176K, 53% used [0x00000000e4100000,0x00000000e5b2b340,0x00000000e7200000)
  to   space 50176K, 0% used [0x00000000e1000000,0x00000000e1000000,0x00000000e4100000)
 ParOldGen       total 155648K, used 127211K [0x0000000080000000, 0x0000000089800000, 0x00000000d5580000)
  object space 155648K, 81% used [0x0000000080000000,0x0000000087c3ac20,0x0000000089800000)
 Metaspace       used 140450K, capacity 146031K, committed 146176K, reserved 1177600K
  class space    used 17813K, capacity 18921K, committed 18944K, reserved 1048576K
Event: 257.988 GC heap after
Heap after GC invocations=35 (full 4):
 PSYoungGen      total 241152K, used 30715K [0x00000000d5580000, 0x00000000e8d80000, 0x0000000100000000)
  eden space 190976K, 0% used [0x00000000d5580000,0x00000000d5580000,0x00000000e1000000)
  from space 50176K, 61% used [0x00000000e1000000,0x00000000e2dfed78,0x00000000e4100000)
  to   space 51200K, 0% used [0x00000000e5b80000,0x00000000e5b80000,0x00000000e8d80000)
 ParOldGen       total 155648K, used 127219K [0x0000000080000000, 0x0000000089800000, 0x00000000d5580000)
  object space 155648K, 81% used [0x0000000080000000,0x0000000087c3cc20,0x0000000089800000)
 Metaspace       used 140450K, capacity 146031K, committed 146176K, reserved 1177600K
  class space    used 17813K, capacity 18921K, committed 18944K, reserved 1048576K
}
Event: 269.029 GC heap before
{Heap before GC invocations=36 (full 4):
 PSYoungGen      total 241152K, used 221691K [0x00000000d5580000, 0x00000000e8d80000, 0x0000000100000000)
  eden space 190976K, 100% used [0x00000000d5580000,0x00000000e1000000,0x00000000e1000000)
  from space 50176K, 61% used [0x00000000e1000000,0x00000000e2dfed78,0x00000000e4100000)
  to   space 51200K, 0% used [0x00000000e5b80000,0x00000000e5b80000,0x00000000e8d80000)
 ParOldGen       total 155648K, used 127219K [0x0000000080000000, 0x0000000089800000, 0x00000000d5580000)
  object space 155648K, 81% used [0x0000000080000000,0x0000000087c3cc20,0x0000000089800000)
 Metaspace       used 140642K, capacity 146253K, committed 146432K, reserved 1177600K
  class space    used 17828K, capacity 18926K, committed 18944K, reserved 1048576K
Event: 271.374 GC heap after
Heap after GC invocations=36 (full 4):
 PSYoungGen      total 269312K, used 26031K [0x00000000d5580000, 0x00000000e9680000, 0x0000000100000000)
  eden space 218112K, 0% used [0x00000000d5580000,0x00000000d5580000,0x00000000e2a80000)
  from space 51200K, 50% used [0x00000000e5b80000,0x00000000e74ebc40,0x00000000e8d80000)
  to   space 50176K, 0% used [0x00000000e2a80000,0x00000000e2a80000,0x00000000e5b80000)
 ParOldGen       total 155648K, used 127227K [0x0000000080000000, 0x0000000089800000, 0x00000000d5580000)
  object space 155648K, 81% used [0x0000000080000000,0x0000000087c3ec20,0x0000000089800000)
 Metaspace       used 140642K, capacity 146253K, committed 146432K, reserved 1177600K
  class space    used 17828K, capacity 18926K, committed 18944K, reserved 1048576K
}
Event: 286.826 GC heap before
{Heap before GC invocations=37 (full 4):
 PSYoungGen      total 269312K, used 244143K [0x00000000d5580000, 0x00000000e9680000, 0x0000000100000000)
  eden space 218112K, 100% used [0x00000000d5580000,0x00000000e2a80000,0x00000000e2a80000)
  from space 51200K, 50% used [0x00000000e5b80000,0x00000000e74ebc40,0x00000000e8d80000)
  to   space 50176K, 0% used [0x00000000e2a80000,0x00000000e2a80000,0x00000000e5b80000)
 ParOldGen       total 155648K, used 127227K [0x0000000080000000, 0x0000000089800000, 0x00000000d5580000)
  object space 155648K, 81% used [0x0000000080000000,0x0000000087c3ec20,0x0000000089800000)
 Metaspace       used 140933K, capacity 146503K, committed 146688K, reserved 1177600K
  class space    used 17837K, capacity 18933K, committed 18944K, reserved 1048576K
Event: 289.907 GC heap after
Heap after GC invocations=37 (full 4):
 PSYoungGen      total 268288K, used 8853K [0x00000000d5580000, 0x00000000eb280000, 0x0000000100000000)
  eden space 218112K, 0% used [0x00000000d5580000,0x00000000d5580000,0x00000000e2a80000)
  from space 50176K, 17% used [0x00000000e2a80000,0x00000000e3325748,0x00000000e5b80000)
  to   space 49664K, 0% used [0x00000000e8200000,0x00000000e8200000,0x00000000eb280000)
 ParOldGen       total 155648K, used 138605K [0x0000000080000000, 0x0000000089800000, 0x00000000d5580000)
  object space 155648K, 89% used [0x0000000080000000,0x000000008875b518,0x0000000089800000)
 Metaspace       used 140933K, capacity 146503K, committed 146688K, reserved 1177600K
  class space    used 17837K, capacity 18933K, committed 18944K, reserved 1048576K
}
Event: 289.908 GC heap before
{Heap before GC invocations=38 (full 5):
 PSYoungGen      total 268288K, used 8853K [0x00000000d5580000, 0x00000000eb280000, 0x0000000100000000)
  eden space 218112K, 0% used [0x00000000d5580000,0x00000000d5580000,0x00000000e2a80000)
  from space 50176K, 17% used [0x00000000e2a80000,0x00000000e3325748,0x00000000e5b80000)
  to   space 49664K, 0% used [0x00000000e8200000,0x00000000e8200000,0x00000000eb280000)
 ParOldGen       total 155648K, used 138605K [0x0000000080000000, 0x0000000089800000, 0x00000000d5580000)
  object space 155648K, 89% used [0x0000000080000000,0x000000008875b518,0x0000000089800000)
 Metaspace       used 140933K, capacity 146503K, committed 146688K, reserved 1177600K
  class space    used 17837K, capacity 18933K, committed 18944K, reserved 1048576K
Event: 307.318 GC heap after
Heap after GC invocations=38 (full 5):
 PSYoungGen      total 268288K, used 0K [0x00000000d5580000, 0x00000000eb280000, 0x0000000100000000)
  eden space 218112K, 0% used [0x00000000d5580000,0x00000000d5580000,0x00000000e2a80000)
  from space 50176K, 0% used [0x00000000e2a80000,0x00000000e2a80000,0x00000000e5b80000)
  to   space 49664K, 0% used [0x00000000e8200000,0x00000000e8200000,0x00000000eb280000)
 ParOldGen       total 181760K, used 95152K [0x0000000080000000, 0x000000008b180000, 0x00000000d5580000)
  object space 181760K, 52% used [0x0000000080000000,0x0000000085cec0e8,0x000000008b180000)
 Metaspace       used 139384K, capacity 144861K, committed 146688K, reserved 1177600K
  class space    used 17754K, capacity 18818K, committed 18944K, reserved 1048576K
}

Deoptimization events (10 events):
Event: 280.264 Thread 0x00000000188e9800 Uncommon trap: reason=array_check action=maybe_recompile pc=0x00000000047019bc method=java.util.TimSort.reverseRange([Ljava/lang/Object;II)V @ 27
Event: 280.265 Thread 0x00000000188e9800 Uncommon trap: reason=array_check action=maybe_recompile pc=0x00000000047019bc method=java.util.TimSort.reverseRange([Ljava/lang/Object;II)V @ 27
Event: 280.269 Thread 0x00000000188e9800 Uncommon trap: reason=array_check action=maybe_recompile pc=0x0000000005ac7838 method=java.util.TimSort.binarySort([Ljava/lang/Object;IIILjava/util/Comparator;)V @ 183
Event: 282.992 Thread 0x00000000188e9800 Uncommon trap: reason=unstable_if action=reinterpret pc=0x0000000005176578 method=sun.nio.fs.WindowsException.translateToIOException(Ljava/lang/String;Ljava/lang/String;)Ljava/io/IOException; @ 24
Event: 310.127 Thread 0x00000000187dc800 Uncommon trap: reason=null_check action=make_not_entrant pc=0x0000000006436920 method=com.android.tools.r8.s.a.p.a.a(Lcom/android/tools/r8/s/a/p/l;)Lcom/android/tools/r8/s/a/p/o; @ 8
Event: 312.392 Thread 0x00000000187dc800 Uncommon trap: reason=unstable_if action=reinterpret pc=0x00000000063a5b40 method=com.android.tools.r8.ir.conversion.N.a(Lcom/android/tools/r8/graph/n1;)Lcom/android/tools/r8/s/b/X; @ 2823
Event: 312.699 Thread 0x00000000187dc800 Uncommon trap: reason=unstable_if action=reinterpret pc=0x000000000635c94c method=com.android.tools.r8.s.a.h.e.b(Lcom/android/tools/r8/s/b/k0;)V @ 466
Event: 313.012 Thread 0x00000000187dc800 Uncommon trap: reason=speculate_class_check action=maybe_recompile pc=0x000000000645b828 method=com.android.tools.r8.ir.conversion.K.a()Lcom/android/tools/r8/graph/G; @ 851
Event: 315.770 Thread 0x00000000187dc800 Uncommon trap: reason=predicate action=maybe_recompile pc=0x0000000005a68d00 method=com.android.tools.r8.ir.optimize.a0.a(Lcom/android/tools/r8/s/b/X;Lcom/android/tools/r8/ir/regalloc/e;I)V @ 330
Event: 317.024 Thread 0x00000000187dc800 Uncommon trap: reason=unstable_if action=reinterpret pc=0x000000000618be44 method=com.android.tools.r8.ir.conversion.o.a(ILcom/android/tools/r8/ir/conversion/N;)I @ 148

Classes redefined (0 events):
No events

Internal exceptions (10 events):
Event: 242.577 Thread 0x00000000187dc800 Exception <a 'java/lang/IncompatibleClassChangeError': Found class java.lang.Object, but interface was expected> (0x00000000de64e9a8) thrown at [C:\src\AOSP-openjdk-git\hotspot\src\share\vm\interpreter\linkResolver.cpp, line 653]
Event: 246.051 Thread 0x00000000188e9800 Exception <a 'java/lang/NoSuchMethodError': java.lang.Object.b(Lcom/android/tools/r8/graph/p1$b;)Lcom/android/tools/r8/graph/p1$b;> (0x00000000d5e5a4c8) thrown at [C:\src\AOSP-openjdk-git\hotspot\src\share\vm\interpreter\linkResolver.cpp, line 620]
Event: 248.036 Thread 0x00000000187dc800 Exception <a 'sun/nio/fs/WindowsException'> (0x00000000d6c253c8) thrown at [C:\src\AOSP-openjdk-git\hotspot\src\share\vm\prims\jni.cpp, line 710]
Event: 248.095 Thread 0x00000000187dc800 Implicit null exception at 0x0000000002e12fa0 to 0x0000000002e13249
Event: 250.194 Thread 0x00000000187dc800 Exception <a 'sun/nio/fs/WindowsException'> (0x00000000d89fddd8) thrown at [C:\src\AOSP-openjdk-git\hotspot\src\share\vm\prims\jni.cpp, line 710]
Event: 282.990 Thread 0x00000000188e9800 Exception <a 'sun/nio/fs/WindowsException'> (0x00000000e0960df0) thrown at [C:\src\AOSP-openjdk-git\hotspot\src\share\vm\prims\jni.cpp, line 710]
Event: 310.127 Thread 0x00000000187dc800 Implicit null exception at 0x000000000643604b to 0x0000000006436915
Event: 312.449 Thread 0x00000000187dc800 Exception <a 'java/lang/IncompatibleClassChangeError': Found class java.lang.Object, but interface was expected> (0x00000000d61b1e78) thrown at [C:\src\AOSP-openjdk-git\hotspot\src\share\vm\interpreter\linkResolver.cpp, line 653]
Event: 317.187 Thread 0x00000000188e9800 Exception <a 'sun/nio/fs/WindowsException'> (0x00000000d6e24af8) thrown at [C:\src\AOSP-openjdk-git\hotspot\src\share\vm\prims\jni.cpp, line 710]
Event: 320.254 Thread 0x00000000188e9800 Exception <a 'sun/nio/fs/WindowsException'> (0x00000000d7936f98) thrown at [C:\src\AOSP-openjdk-git\hotspot\src\share\vm\prims\jni.cpp, line 710]

Events (10 events):
Event: 318.951 Thread 0x000000001756f000 flushing nmethod 0x00000000030694d0
Event: 318.972 Thread 0x000000001756f000 flushing nmethod 0x0000000003210790
Event: 318.973 Thread 0x000000001756f000 flushing nmethod 0x000000000323b7d0
Event: 319.110 Thread 0x00000000175a7000 flushing nmethod 0x000000000350fdd0
Event: 319.328 Thread 0x00000000175a7000 flushing nmethod 0x00000000037e0cd0
Event: 320.251 Thread 0x00000000187dc800 DEOPT PACKING pc=0x0000000005975ffc sp=0x000000001b294950
Event: 320.251 Thread 0x00000000187dc800 DEOPT UNPACKING pc=0x0000000002b771d0 sp=0x000000001b294a80 mode 0
Event: 320.313 Thread 0x00000000187dc800 DEOPT PACKING pc=0x0000000005d6de04 sp=0x000000001b2945f0
Event: 320.313 Thread 0x00000000187dc800 DEOPT UNPACKING pc=0x0000000002b771d0 sp=0x000000001b2944f8 mode 0
Event: 320.471 Thread 0x000000001756f000 flushing nmethod 0x00000000043c50d0


Dynamic libraries:
0x00007ff7ab890000 - 0x00007ff7ab8c1000 	D:\android\android studio\jre\bin\java.exe
0x00007ffa1c4a0000 - 0x00007ffa1c690000 	C:\WINDOWS\SYSTEM32\ntdll.dll
0x00007ffa1a550000 - 0x00007ffa1a602000 	C:\WINDOWS\System32\KERNEL32.DLL
0x00007ffa19e60000 - 0x00007ffa1a105000 	C:\WINDOWS\System32\KERNELBASE.dll
0x00007ffa16a40000 - 0x00007ffa16acf000 	C:\WINDOWS\SYSTEM32\apphelp.dll
0x00007ffa1b290000 - 0x00007ffa1b333000 	C:\WINDOWS\System32\ADVAPI32.dll
0x00007ffa1aa50000 - 0x00007ffa1aaee000 	C:\WINDOWS\System32\msvcrt.dll
0x00007ffa1af10000 - 0x00007ffa1afa7000 	C:\WINDOWS\System32\sechost.dll
0x00007ffa1bb00000 - 0x00007ffa1bc1f000 	C:\WINDOWS\System32\RPCRT4.dll
0x00007ffa1a720000 - 0x00007ffa1a8b4000 	C:\WINDOWS\System32\USER32.dll
0x00007ffa19d70000 - 0x00007ffa19d91000 	C:\WINDOWS\System32\win32u.dll
0x00007ffa1b030000 - 0x00007ffa1b056000 	C:\WINDOWS\System32\GDI32.dll
0x00007ffa1a1f0000 - 0x00007ffa1a388000 	C:\WINDOWS\System32\gdi32full.dll
0x00007ffa19dc0000 - 0x00007ffa19e5e000 	C:\WINDOWS\System32\msvcp_win.dll
0x00007ffa19c70000 - 0x00007ffa19d6a000 	C:\WINDOWS\System32\ucrtbase.dll
0x00007ffa0aa80000 - 0x00007ffa0ad04000 	C:\WINDOWS\WinSxS\amd64_microsoft.windows.common-controls_6595b64144ccf1df_6.0.18362.1440_none_9e7dbfb9e45e8e67\COMCTL32.dll
0x00007ffa1abd0000 - 0x00007ffa1af06000 	C:\WINDOWS\System32\combase.dll
0x00007ffa19be0000 - 0x00007ffa19c61000 	C:\WINDOWS\System32\bcryptPrimitives.dll
0x00007ffa1a8c0000 - 0x00007ffa1a8ee000 	C:\WINDOWS\System32\IMM32.DLL
0x0000000059cf0000 - 0x0000000059dc2000 	D:\android\android studio\jre\jre\bin\msvcr100.dll
0x0000000058b20000 - 0x000000005936b000 	D:\android\android studio\jre\jre\bin\server\jvm.dll
0x00007ffa1b020000 - 0x00007ffa1b028000 	C:\WINDOWS\System32\PSAPI.DLL
0x00007ff9f5860000 - 0x00007ff9f5869000 	C:\WINDOWS\SYSTEM32\WSOCK32.dll
0x00007ffa1ba90000 - 0x00007ffa1baff000 	C:\WINDOWS\System32\WS2_32.dll
0x00007ffa15460000 - 0x00007ffa15484000 	C:\WINDOWS\SYSTEM32\WINMM.dll
0x00007ffa0bd30000 - 0x00007ffa0bd3a000 	C:\WINDOWS\SYSTEM32\VERSION.dll
0x00007ffa15430000 - 0x00007ffa1545d000 	C:\WINDOWS\SYSTEM32\WINMMBASE.dll
0x00007ffa19b90000 - 0x00007ffa19bda000 	C:\WINDOWS\System32\cfgmgr32.dll
0x00007ffa0a2d0000 - 0x00007ffa0a2df000 	D:\android\android studio\jre\jre\bin\verify.dll
0x00007ffa04bc0000 - 0x00007ffa04be9000 	D:\android\android studio\jre\jre\bin\java.dll
0x00007ffa09010000 - 0x00007ffa09026000 	D:\android\android studio\jre\jre\bin\zip.dll
0x00007ffa1b340000 - 0x00007ffa1ba28000 	C:\WINDOWS\System32\SHELL32.dll
0x00007ffa1a670000 - 0x00007ffa1a717000 	C:\WINDOWS\System32\shcore.dll
0x00007ffa19410000 - 0x00007ffa19b8b000 	C:\WINDOWS\System32\windows.storage.dll
0x00007ffa193d0000 - 0x00007ffa193ee000 	C:\WINDOWS\System32\profapi.dll
0x00007ffa19360000 - 0x00007ffa193aa000 	C:\WINDOWS\System32\powrprof.dll
0x00007ffa19350000 - 0x00007ffa19360000 	C:\WINDOWS\System32\UMPDC.dll
0x00007ffa1c380000 - 0x00007ffa1c3d2000 	C:\WINDOWS\System32\shlwapi.dll
0x00007ffa193b0000 - 0x00007ffa193c1000 	C:\WINDOWS\System32\kernel.appcore.dll
0x00007ffa19da0000 - 0x00007ffa19db7000 	C:\WINDOWS\System32\cryptsp.dll
0x00007ffa07ea0000 - 0x00007ffa07eba000 	D:\android\android studio\jre\jre\bin\net.dll
0x00007ffa18ae0000 - 0x00007ffa18b47000 	C:\WINDOWS\system32\mswsock.dll
0x00007ffa07d70000 - 0x00007ffa07d83000 	D:\android\android studio\jre\jre\bin\nio.dll
0x00007ffa073b0000 - 0x00007ffa073d7000 	C:\Users\cler3\.gradle\native\f6784746aeab05261644944871eae4fe03e0ef1612fff0a4a95f87b438bc6780\windows-amd64\native-platform.dll
0x00007ffa07770000 - 0x00007ffa0777d000 	D:\android\android studio\jre\jre\bin\management.dll
0x00007ffa18670000 - 0x00007ffa186a3000 	C:\WINDOWS\system32\rsaenh.dll
0x00007ffa1a1c0000 - 0x00007ffa1a1e6000 	C:\WINDOWS\System32\bcrypt.dll
0x00007ffa19230000 - 0x00007ffa19255000 	C:\WINDOWS\SYSTEM32\USERENV.dll
0x00007ffa18c60000 - 0x00007ffa18c6c000 	C:\WINDOWS\SYSTEM32\CRYPTBASE.dll
0x00007ffa18800000 - 0x00007ffa1883a000 	C:\WINDOWS\SYSTEM32\IPHLPAPI.DLL
0x00007ffa1aa20000 - 0x00007ffa1aa28000 	C:\WINDOWS\System32\NSI.dll
0x00007ffa0bd40000 - 0x00007ffa0bd56000 	C:\WINDOWS\SYSTEM32\dhcpcsvc6.DLL
0x00007ffa0b750000 - 0x00007ffa0b76c000 	C:\WINDOWS\SYSTEM32\dhcpcsvc.DLL
0x00007ffa18850000 - 0x00007ffa1891b000 	C:\WINDOWS\SYSTEM32\DNSAPI.dll
0x00007ffa0c7b0000 - 0x00007ffa0c7bb000 	C:\WINDOWS\SYSTEM32\WINNSI.DLL
0x00007ffa07d10000 - 0x00007ffa07d34000 	D:\android\android studio\jre\jre\bin\sunec.dll
0x00007ffa06940000 - 0x00007ffa0694a000 	C:\Windows\System32\rasadhlp.dll
0x00007ffa0afd0000 - 0x00007ffa0b047000 	C:\WINDOWS\System32\fwpuclnt.dll
0x00007ffa15100000 - 0x00007ffa1510b000 	D:\android\android studio\jre\jre\bin\sunmscapi.dll
0x00007ffa1a3f0000 - 0x00007ffa1a541000 	C:\WINDOWS\System32\CRYPT32.dll
0x00007ffa193f0000 - 0x00007ffa19402000 	C:\WINDOWS\System32\MSASN1.dll

VM Arguments:
jvm_args: -Xmx2048m -Dfile.encoding=x-windows-949 -Duser.country=KR -Duser.language=ko -Duser.variant 
java_command: org.gradle.launcher.daemon.bootstrap.GradleDaemon 6.5
java_class_path (initial): C:\Users\cler3\.gradle\wrapper\dists\gradle-6.5-bin\6nifqtx7604sqp1q6g8wikw7p\gradle-6.5\lib\gradle-launcher-6.5.jar
Launcher Type: SUN_STANDARD

Environment Variables:
JAVA_HOME=C:\Program Files\Java\jdk1.8.0_271
CLASSPATH=C:\Program Files\Java\jdk1.8.0_271\lib;.;
PATH=C:\Program Files\Java\jdk1.8.0_271\bin;C:\WINDOWS\system32;C:\WINDOWS;C:\WINDOWS\System32\Wbem;C:\WINDOWS\System32\WindowsPowerShell\v1.0\;C:\WINDOWS\System32\OpenSSH\;C:\WINDOWS\syswow64\config\systemprofile\.dnx\bin;C:\Program Files\Microsoft DNX\Dnvm\;C:\Program Files\Microsoft SQL Server\130\Tools\Binn\;C:\Program Files (x86)\Windows Kits\8.1\Windows Performance Toolkit\;C:\Program Files\nodejs;C:\Users\cler3\AppData\Roaming\npm;C:\Program Files\MongoDB\Server\4.2\bin;C:\Program Files\MySQL\MySQL Server 8.0\bin;C:\Program Files\nodejs\;C:\Users\cler3\AppData\Roaming\Microsoft\Windows\Start Menu\Programs\Python 3.7;C:\Program Files\Liquid Technologies\Liquid Studio 2020\XmlDataBinder18\Redist18\cpp\win32\bin;C:\Program Files\Liquid Technologies\Liquid Studio 2020\XmlDataBinder18\Redist18\cpp\win64\bin;C:\Users\cler3\AppData\Local\Android\android-sdk\tools;C:\Users\cler3\anaconda3\envs\py3;C:\Users\cler3\anaconda3;C:\Users\cler3\anaconda3\Library\usr\bin;C:\Users\cler3\anaconda3\Scripts;D:\Program Files\Git\Git\cmd;D:\;D:\Program Files\android-sdk\platform-tools\;D:\cler3\Download\spring-boot-cli-1.1.4.RELEASE-bin\spring-1.1.4.RELEASE\bin;C:\Program Files\Git\cmd;D:\Program Files\Ruby27-x64\bin;C:\Users\cler3\anaconda3;C:\Users\cler3\anaconda3\Library\mingw-w64\bin;C:\Users\cler3\anaconda3\Library\usr\bin;C:\Users\cler3\anaconda3\Library\bin;C:\Users\cler3\anaconda3\Scripts;C:\Program Files\MySQL\MySQL Shell 8.0\bin\;C:\Users\cler3\AppData\Local\Microsoft\WindowsApps;C:\Users\cler3\AppData\Local\Microsoft\WindowsApps;C:\Users\cler3\AppData\Local\Programs\Microsoft VS Code\bin;C:\Users\cler3\AppData\Roaming\npm;C:\Users\cler3\anaconda3\envs\project;D:\Program Files\Bandizip\;D:\Program Files\heroku\bin;C:\devtool\apache-maven-3.6.3-bin\apache-maven-3.6.3\bin;C:\devtool\gradle-6.7.1-bin\gradle-6.7.1\bin;
USERNAME=cler3
OS=Windows_NT
PROCESSOR_IDENTIFIER=Intel64 Family 6 Model 61 Stepping 4, GenuineIntel



---------------  S Y S T E M  ---------------

OS: Windows 10.0 , 64 bit Build 18362 (10.0.18362.1350)

CPU:total 2 (initial active 2) (2 cores per cpu, 1 threads per core) family 6 model 61 stepping 4, cmov, cx8, fxsr, mmx, sse, sse2, sse3, ssse3, sse4.1, sse4.2, popcnt, clmul, erms, 3dnowpref, lzcnt, tsc, tscinvbit

Memory: 4k page, physical 4097676k(187052k free), swap 16680588k(6040k free)

vm_info: OpenJDK 64-Bit Server VM (25.242-b01) for windows-amd64 JRE (1.8.0_242-release-1644-b01), built by "builder" with MS VC++ 10.0 (VS2010)

time: Tue Apr 06 11:03:59 2021
timezone: 대한민국 표준시
elapsed time: 321 seconds (0d 0h 5m 21s)

